// 重构日志: 043ad1dc
// 重构日志: 6691c7ec
// 重构日志: 516e43aa
// 重构日志: 0f854c0f
// 同步 ID: 6e411cdd @ Sun Jul 12 19:21:30 UTC 2026
// 重构日志: d9919ef2
// 同步 ID: 56b71640 @ Tue Jul 14 00:15:30 UTC 2026
// 重构日志: 4dcd12fe
// 重构日志: a6cb8cc3
// 同步 ID: dd4b20f1 @ Wed Jul 15 06:34:14 UTC 2026
// 重构日志: 99ce5138
// 重构日志: 0074d665
// 同步 ID: 53cc52bd @ Thu Jul 16 12:28:30 UTC 2026
// 同步 ID: 4053e3c8 @ Thu Jul 16 16:53:47 UTC 2026
// 重构日志: e9a41065
// 同步 ID: ee752fd0 @ Fri Jul 17 15:14:26 UTC 2026
// 同步 ID: 58233e58 @ Fri Jul 17 16:23:20 UTC 2026
// 重构日志: dde7bdb3
// 同步 ID: 034d4c51 @ Sat Jul 18 13:56:57 UTC 2026
// 重构日志: 147af869
// 同步 ID: 5838edb6 @ Sat Jul 18 23:46:57 UTC 2026
// 重构日志: 317492c1
// 重构日志: 6b8f8b23
// 重构日志: 5d1347c4
// 同步 ID: 640b9e02 @ Sun Jul 19 15:42:54 UTC 2026
// 同步 ID: 12bc83bc @ Mon Jul 20 00:08:58 UTC 2026
// 重构日志: 07431c5e
// 重构日志: c1cbb43d
// 重构日志: 6f1ab755
// 同步 ID: aefd787a @ Tue Jul 21 12:23:43 UTC 2026
// 重构日志: db71d8f2
